Using pre-set license
Built from '2021.1/staging' branch; Version is '2021.1.7f1 (d91830b65d9b) revision 14227504'; Using compiler version '192528614'; Build Type 'Release'
OS: 'Windows 10 Education; OS build 19043.1237; Version 2009; 64bit' Language: 'en' Physical Memory: 16247 MB
BatchMode: 1, IsHumanControllingUs: 0, StartBugReporterOnCrash: 0, Is64bit: 1, IsPro: 0

 COMMAND LINE ARGUMENTS:
C:\Program Files\Unity 2021.1.7f1\Editor\Unity.exe
-adb2
-batchMode
-noUpm
-name
AssetImportWorker0
-projectPath
C:/Users/9q.h4/Documents/Github/Laser_Defender/Laser Defender
-logFile
Logs/AssetImportWorker0.log
-srvPort
63398
Successfully changed project path to: C:/Users/9q.h4/Documents/Github/Laser_Defender/Laser Defender
C:/Users/9q.h4/Documents/Github/Laser_Defender/Laser Defender
Using Asset Import Pipeline V2.
Refreshing native plugins compatible for Editor in 91.89 ms, found 2 plugins.
Preloading 0 native plugins for Editor in 0.00 ms.
Initialize engine version: 2021.1.7f1 (d91830b65d9b)
[Subsystems] Discovering subsystems at path C:/Program Files/Unity 2021.1.7f1/Editor/Data/Resources/UnitySubsystems
[Subsystems] Discovering subsystems at path C:/Users/9q.h4/Documents/Github/Laser_Defender/Laser Defender/Assets
GfxDevice: creating device client; threaded=0; jobified=0
Direct3D:
    Version:  Direct3D 11.0 [level 11.1]
    Renderer: AMD Radeon R7 450 (ID=0x682b)
    Vendor:   ATI
    VRAM:     4076 MB
    Driver:   24.20.11020.3002
Initialize mono
Mono path[0] = 'C:/Program Files/Unity 2021.1.7f1/Editor/Data/Managed'
Mono path[1] = 'C:/Program Files/Unity 2021.1.7f1/Editor/Data/MonoBleedingEdge/lib/mono/unityjit'
Mono config path = 'C:/Program Files/Unity 2021.1.7f1/Editor/Data/MonoBleedingEdge/etc'
Using monoOptions --debugger-agent=transport=dt_socket,embedding=1,server=y,suspend=n,address=127.0.0.1:56308
Begin MonoManager ReloadAssembly
Registering precompiled unity dll's ...
Register platform support module: C:/Program Files/Unity 2021.1.7f1/Editor/Data/PlaybackEngines/WebGLSupport/UnityEditor.WebGL.Extensions.dll
Register platform support module: C:/Program Files/Unity 2021.1.7f1/Editor/Data/PlaybackEngines/WindowsStandaloneSupport/UnityEditor.WindowsStandalone.Extensions.dll
Registered in 0.001770 seconds.
Native extension for WindowsStandalone target not found
Native extension for WebGL target not found
Refreshing native plugins compatible for Editor in 93.60 ms, found 2 plugins.
Preloading 0 native plugins for Editor in 0.00 ms.
Mono: successfully reloaded assembly
- Completed reload, in  1.199 seconds
Platform modules already initialized, skipping
Registering precompiled user dll's ...
Registered in 0.002694 seconds.
Begin MonoManager ReloadAssembly
Symbol file LoadedFromMemory doesn't match image C:\Users\9q.h4\Documents\Github\Laser_Defender\Laser Defender\Library\PackageCache\com.unity.visualscripting@1.6.1\Editor\VisualScripting.Core\Dependencies\YamlDotNet\Unity.VisualScripting.YamlDotNet.dll
Symbol file LoadedFromMemory doesn't match image C:\Users\9q.h4\Documents\Github\Laser_Defender\Laser Defender\Library\PackageCache\com.unity.visualscripting@1.6.1\Editor\VisualScripting.Core\Dependencies\DotNetZip\Unity.VisualScripting.IonicZip.dll
Native extension for WindowsStandalone target not found
Native extension for WebGL target not found
Refreshing native plugins compatible for Editor in 92.28 ms, found 2 plugins.
Preloading 0 native plugins for Editor in 0.00 ms.
Mono: successfully reloaded assembly
- Completed reload, in  1.064 seconds
Platform modules already initialized, skipping
========================================================================
Worker process is ready to serve import requests
Launched and connected shader compiler UnityShaderCompiler.exe after 0.03 seconds
Refreshing native plugins compatible for Editor in 0.65 ms, found 2 plugins.
Preloading 0 native plugins for Editor in 0.00 ms.
Unloading 3673 Unused Serialized files (Serialized files now loaded: 0)
System memory in use before: 138.8 MB.
System memory in use after: 138.9 MB.

Unloading 30 unused Assets to reduce memory usage. Loaded Objects now: 4128.
Total: 2.324600 ms (FindLiveObjects: 0.246800 ms CreateObjectMapping: 0.168800 ms MarkObjects: 1.800400 ms  DeleteObjects: 0.107600 ms)

========================================================================
Received Import Request.
  path: Assets/Waves and Paths/Wave 1.asset
  artifactKey: Guid(3c169380af7c8f44bb307bf9a58257c9) Importer(815301076,1909f56bfc062723c751e8b465ee728b)
Start importing Assets/Waves and Paths/Wave 1.asset using Guid(3c169380af7c8f44bb307bf9a58257c9) Importer(815301076,1909f56bfc062723c751e8b465ee728b)  -> (artifact id: 'fdfb2860c8a00def70149550b0a9d7e0') in 0.034747 seconds 
========================================================================
Received Import Request.
  Time since last request: 50.603491 seconds.
  path: Assets/Waves and Paths/Wave 0.asset
  artifactKey: Guid(0312a0e9948db3b40b4ab44bcede1bfa) Importer(815301076,1909f56bfc062723c751e8b465ee728b)
Start importing Assets/Waves and Paths/Wave 0.asset using Guid(0312a0e9948db3b40b4ab44bcede1bfa) Importer(815301076,1909f56bfc062723c751e8b465ee728b)  -> (artifact id: '8b4e84fba562e5e76bc0fd4978605d49') in 5.919663 seconds 
========================================================================
Received Prepare
Registering precompiled user dll's ...
Registered in 0.003267 seconds.
Begin MonoManager ReloadAssembly
Symbol file LoadedFromMemory doesn't match image C:\Users\9q.h4\Documents\Github\Laser_Defender\Laser Defender\Library\PackageCache\com.unity.visualscripting@1.6.1\Editor\VisualScripting.Core\Dependencies\YamlDotNet\Unity.VisualScripting.YamlDotNet.dll
Symbol file LoadedFromMemory doesn't match image C:\Users\9q.h4\Documents\Github\Laser_Defender\Laser Defender\Library\PackageCache\com.unity.visualscripting@1.6.1\Editor\VisualScripting.Core\Dependencies\DotNetZip\Unity.VisualScripting.IonicZip.dll
Native extension for WindowsStandalone target not found
Native extension for WebGL target not found
Refreshing native plugins compatible for Editor in 0.65 ms, found 2 plugins.
Preloading 0 native plugins for Editor in 0.00 ms.
Mono: successfully reloaded assembly
- Completed reload, in  1.112 seconds
Platform modules already initialized, skipping
Refreshing native plugins compatible for Editor in 0.68 ms, found 2 plugins.
Preloading 0 native plugins for Editor in 0.00 ms.
Unloading 3667 Unused Serialized files (Serialized files now loaded: 0)
System memory in use before: 138.9 MB.
System memory in use after: 139.1 MB.

Unloading 16 unused Assets to reduce memory usage. Loaded Objects now: 4132.
Total: 3.335600 ms (FindLiveObjects: 0.276400 ms CreateObjectMapping: 0.186700 ms MarkObjects: 2.735500 ms  DeleteObjects: 0.134500 ms)

========================================================================
Received Import Request.
  Time since last request: 152.048844 seconds.
  path: Assets/Scripts/WaveConfigSO.cs
  artifactKey: Guid(8bb19ca675eee5b4faeaae46474b8ef4) Importer(815301076,1909f56bfc062723c751e8b465ee728b)
Start importing Assets/Scripts/WaveConfigSO.cs using Guid(8bb19ca675eee5b4faeaae46474b8ef4) Importer(815301076,1909f56bfc062723c751e8b465ee728b)  -> (artifact id: '9ebcd3d22d3b8499632971c689444634') in 0.072082 seconds 
========================================================================
Received Import Request.
  Time since last request: 1.184677 seconds.
  path: Assets/Scripts/Pathfinder.cs
  artifactKey: Guid(0edcbf38bd18a4343a8cef536a0fcfb9) Importer(815301076,1909f56bfc062723c751e8b465ee728b)
Start importing Assets/Scripts/Pathfinder.cs using Guid(0edcbf38bd18a4343a8cef536a0fcfb9) Importer(815301076,1909f56bfc062723c751e8b465ee728b)  -> (artifact id: 'b1213086635b3d1844ca3d46cf12d6ab') in 0.002463 seconds 
========================================================================
Received Prepare
Registering precompiled user dll's ...
Registered in 0.002757 seconds.
Begin MonoManager ReloadAssembly
Symbol file LoadedFromMemory doesn't match image C:\Users\9q.h4\Documents\Github\Laser_Defender\Laser Defender\Library\PackageCache\com.unity.visualscripting@1.6.1\Editor\VisualScripting.Core\Dependencies\YamlDotNet\Unity.VisualScripting.YamlDotNet.dll
Symbol file LoadedFromMemory doesn't match image C:\Users\9q.h4\Documents\Github\Laser_Defender\Laser Defender\Library\PackageCache\com.unity.visualscripting@1.6.1\Editor\VisualScripting.Core\Dependencies\DotNetZip\Unity.VisualScripting.IonicZip.dll
Native extension for WindowsStandalone target not found
Native extension for WebGL target not found
Refreshing native plugins compatible for Editor in 0.73 ms, found 2 plugins.
Preloading 0 native plugins for Editor in 0.00 ms.
Mono: successfully reloaded assembly
- Completed reload, in  1.009 seconds
Platform modules already initialized, skipping
Refreshing native plugins compatible for Editor in 0.64 ms, found 2 plugins.
Preloading 0 native plugins for Editor in 0.00 ms.
Unloading 3667 Unused Serialized files (Serialized files now loaded: 0)
System memory in use before: 139.0 MB.
System memory in use after: 139.1 MB.

Unloading 16 unused Assets to reduce memory usage. Loaded Objects now: 4136.
Total: 2.591800 ms (FindLiveObjects: 0.258200 ms CreateObjectMapping: 0.184200 ms MarkObjects: 2.058900 ms  DeleteObjects: 0.089600 ms)

========================================================================
Received Prepare
Registering precompiled user dll's ...
Registered in 0.002585 seconds.
Begin MonoManager ReloadAssembly
Symbol file LoadedFromMemory doesn't match image C:\Users\9q.h4\Documents\Github\Laser_Defender\Laser Defender\Library\PackageCache\com.unity.visualscripting@1.6.1\Editor\VisualScripting.Core\Dependencies\YamlDotNet\Unity.VisualScripting.YamlDotNet.dll
Symbol file LoadedFromMemory doesn't match image C:\Users\9q.h4\Documents\Github\Laser_Defender\Laser Defender\Library\PackageCache\com.unity.visualscripting@1.6.1\Editor\VisualScripting.Core\Dependencies\DotNetZip\Unity.VisualScripting.IonicZip.dll
Native extension for WindowsStandalone target not found
Native extension for WebGL target not found
Refreshing native plugins compatible for Editor in 0.66 ms, found 2 plugins.
Preloading 0 native plugins for Editor in 0.00 ms.
Mono: successfully reloaded assembly
- Completed reload, in  0.971 seconds
Platform modules already initialized, skipping
Refreshing native plugins compatible for Editor in 0.65 ms, found 2 plugins.
Preloading 0 native plugins for Editor in 0.00 ms.
Unloading 3667 Unused Serialized files (Serialized files now loaded: 0)
System memory in use before: 139.1 MB.
System memory in use after: 139.2 MB.

Unloading 16 unused Assets to reduce memory usage. Loaded Objects now: 4140.
Total: 2.487900 ms (FindLiveObjects: 0.373600 ms CreateObjectMapping: 0.219800 ms MarkObjects: 1.807400 ms  DeleteObjects: 0.086100 ms)

========================================================================
Received Prepare
Registering precompiled user dll's ...
Registered in 0.002795 seconds.
Begin MonoManager ReloadAssembly
Symbol file LoadedFromMemory doesn't match image C:\Users\9q.h4\Documents\Github\Laser_Defender\Laser Defender\Library\PackageCache\com.unity.visualscripting@1.6.1\Editor\VisualScripting.Core\Dependencies\YamlDotNet\Unity.VisualScripting.YamlDotNet.dll
Symbol file LoadedFromMemory doesn't match image C:\Users\9q.h4\Documents\Github\Laser_Defender\Laser Defender\Library\PackageCache\com.unity.visualscripting@1.6.1\Editor\VisualScripting.Core\Dependencies\DotNetZip\Unity.VisualScripting.IonicZip.dll
Native extension for WindowsStandalone target not found
Native extension for WebGL target not found
Refreshing native plugins compatible for Editor in 0.65 ms, found 2 plugins.
Preloading 0 native plugins for Editor in 0.00 ms.
Mono: successfully reloaded assembly
- Completed reload, in  0.954 seconds
Platform modules already initialized, skipping
Refreshing native plugins compatible for Editor in 0.66 ms, found 2 plugins.
Preloading 0 native plugins for Editor in 0.00 ms.
Unloading 3667 Unused Serialized files (Serialized files now loaded: 0)
System memory in use before: 139.1 MB.
System memory in use after: 139.2 MB.

Unloading 16 unused Assets to reduce memory usage. Loaded Objects now: 4144.
Total: 2.600200 ms (FindLiveObjects: 0.371700 ms CreateObjectMapping: 0.255700 ms MarkObjects: 1.885200 ms  DeleteObjects: 0.086700 ms)

========================================================================
Received Prepare
Registering precompiled user dll's ...
Registered in 0.002548 seconds.
Begin MonoManager ReloadAssembly
Symbol file LoadedFromMemory doesn't match image C:\Users\9q.h4\Documents\Github\Laser_Defender\Laser Defender\Library\PackageCache\com.unity.visualscripting@1.6.1\Editor\VisualScripting.Core\Dependencies\YamlDotNet\Unity.VisualScripting.YamlDotNet.dll
Symbol file LoadedFromMemory doesn't match image C:\Users\9q.h4\Documents\Github\Laser_Defender\Laser Defender\Library\PackageCache\com.unity.visualscripting@1.6.1\Editor\VisualScripting.Core\Dependencies\DotNetZip\Unity.VisualScripting.IonicZip.dll
Native extension for WindowsStandalone target not found
Native extension for WebGL target not found
Refreshing native plugins compatible for Editor in 0.64 ms, found 2 plugins.
Preloading 0 native plugins for Editor in 0.00 ms.
Mono: successfully reloaded assembly
- Completed reload, in  0.941 seconds
Platform modules already initialized, skipping
Refreshing native plugins compatible for Editor in 0.63 ms, found 2 plugins.
Preloading 0 native plugins for Editor in 0.00 ms.
Unloading 3667 Unused Serialized files (Serialized files now loaded: 0)
System memory in use before: 139.1 MB.
System memory in use after: 139.2 MB.

Unloading 16 unused Assets to reduce memory usage. Loaded Objects now: 4148.
Total: 3.388200 ms (FindLiveObjects: 0.268800 ms CreateObjectMapping: 0.188300 ms MarkObjects: 2.831200 ms  DeleteObjects: 0.096400 ms)

========================================================================
Received Import Request.
  Time since last request: 409.417026 seconds.
  path: Assets/Prefabs/Player.prefab
  artifactKey: Guid(59114f2d71a8ede48b9d444e19da1754) Importer(815301076,1909f56bfc062723c751e8b465ee728b)
Start importing Assets/Prefabs/Player.prefab using Guid(59114f2d71a8ede48b9d444e19da1754) Importer(815301076,1909f56bfc062723c751e8b465ee728b)  -> (artifact id: 'fbfd9f04da78770ab37f038460087ea2') in 0.096660 seconds 
========================================================================
Received Import Request.
  Time since last request: 9.998987 seconds.
  path: Assets/Prefabs/Player.prefab
  artifactKey: Guid(59114f2d71a8ede48b9d444e19da1754) Importer(815301076,1909f56bfc062723c751e8b465ee728b)
Start importing Assets/Prefabs/Player.prefab using Guid(59114f2d71a8ede48b9d444e19da1754) Importer(815301076,1909f56bfc062723c751e8b465ee728b)  -> (artifact id: 'f5aae3af7d4259ad536d04a0f70ffa78') in 0.009494 seconds 
========================================================================
Received Import Request.
  Time since last request: 4.823855 seconds.
  path: Assets/Prefabs/Player.prefab
  artifactKey: Guid(59114f2d71a8ede48b9d444e19da1754) Importer(815301076,1909f56bfc062723c751e8b465ee728b)
Start importing Assets/Prefabs/Player.prefab using Guid(59114f2d71a8ede48b9d444e19da1754) Importer(815301076,1909f56bfc062723c751e8b465ee728b)  -> (artifact id: '14d518e904c7f2b4f006c05ac45354ff') in 0.006875 seconds 
========================================================================
Received Import Request.
  Time since last request: 22.391772 seconds.
  path: Assets/Prefabs/Player.prefab
  artifactKey: Guid(59114f2d71a8ede48b9d444e19da1754) Importer(815301076,1909f56bfc062723c751e8b465ee728b)
Start importing Assets/Prefabs/Player.prefab using Guid(59114f2d71a8ede48b9d444e19da1754) Importer(815301076,1909f56bfc062723c751e8b465ee728b)  -> (artifact id: '938f6978d2efee2c9afb59b16d06ff47') in 0.015628 seconds 
========================================================================
Received Import Request.
  Time since last request: 17.646563 seconds.
  path: Assets/Prefabs/Enemy0.prefab
  artifactKey: Guid(e4e93ac43fe5e4146a33ceef139f7b98) Importer(815301076,1909f56bfc062723c751e8b465ee728b)
Start importing Assets/Prefabs/Enemy0.prefab using Guid(e4e93ac43fe5e4146a33ceef139f7b98) Importer(815301076,1909f56bfc062723c751e8b465ee728b)  -> (artifact id: '0d063d1663b229c29aa45c4db81034e4') in 0.011117 seconds 
========================================================================
Received Import Request.
  Time since last request: 38.050225 seconds.
  path: Assets/Prefabs/Enemy1.prefab
  artifactKey: Guid(b33c0a45d4396fb44b98097b70e44510) Importer(815301076,1909f56bfc062723c751e8b465ee728b)
Start importing Assets/Prefabs/Enemy1.prefab using Guid(b33c0a45d4396fb44b98097b70e44510) Importer(815301076,1909f56bfc062723c751e8b465ee728b)  -> (artifact id: '7161b5423098dbe42f472b3da6b843ba') in 0.011211 seconds 
========================================================================
Received Import Request.
  Time since last request: 1.605654 seconds.
  path: Assets/Prefabs/Enemy0.prefab
  artifactKey: Guid(e4e93ac43fe5e4146a33ceef139f7b98) Importer(815301076,1909f56bfc062723c751e8b465ee728b)
Start importing Assets/Prefabs/Enemy0.prefab using Guid(e4e93ac43fe5e4146a33ceef139f7b98) Importer(815301076,1909f56bfc062723c751e8b465ee728b)  -> (artifact id: 'c489c5a39a9d7ce701eb3b7da698d6d3') in 0.006533 seconds 
========================================================================
Received Import Request.
  Time since last request: 94.802765 seconds.
  path: Assets/Scripts/Health.cs
  artifactKey: Guid(aeb304161cba8fd498c69d1acd268763) Importer(815301076,1909f56bfc062723c751e8b465ee728b)
Start importing Assets/Scripts/Health.cs using Guid(aeb304161cba8fd498c69d1acd268763) Importer(815301076,1909f56bfc062723c751e8b465ee728b)  -> (artifact id: '5acaa8dfe744342e61b2e823e04e1f68') in 0.002573 seconds 
========================================================================
Received Prepare
Registering precompiled user dll's ...
Registered in 0.002776 seconds.
Begin MonoManager ReloadAssembly
Symbol file LoadedFromMemory doesn't match image C:\Users\9q.h4\Documents\Github\Laser_Defender\Laser Defender\Library\PackageCache\com.unity.visualscripting@1.6.1\Editor\VisualScripting.Core\Dependencies\YamlDotNet\Unity.VisualScripting.YamlDotNet.dll
Symbol file LoadedFromMemory doesn't match image C:\Users\9q.h4\Documents\Github\Laser_Defender\Laser Defender\Library\PackageCache\com.unity.visualscripting@1.6.1\Editor\VisualScripting.Core\Dependencies\DotNetZip\Unity.VisualScripting.IonicZip.dll
Native extension for WindowsStandalone target not found
Native extension for WebGL target not found
Refreshing native plugins compatible for Editor in 0.64 ms, found 2 plugins.
Preloading 0 native plugins for Editor in 0.00 ms.
Mono: successfully reloaded assembly
- Completed reload, in  0.899 seconds
Platform modules already initialized, skipping
Refreshing native plugins compatible for Editor in 0.64 ms, found 2 plugins.
Preloading 0 native plugins for Editor in 0.00 ms.
Unloading 3668 Unused Serialized files (Serialized files now loaded: 0)
System memory in use before: 143.3 MB.
System memory in use after: 143.4 MB.

Unloading 16 unused Assets to reduce memory usage. Loaded Objects now: 4160.
Total: 2.377000 ms (FindLiveObjects: 0.260400 ms CreateObjectMapping: 0.162400 ms MarkObjects: 1.869100 ms  DeleteObjects: 0.084300 ms)

========================================================================
Received Import Request.
  Time since last request: 8.771467 seconds.
  path: Assets/Prefabs/Player.prefab
  artifactKey: Guid(59114f2d71a8ede48b9d444e19da1754) Importer(815301076,1909f56bfc062723c751e8b465ee728b)
Start importing Assets/Prefabs/Player.prefab using Guid(59114f2d71a8ede48b9d444e19da1754) Importer(815301076,1909f56bfc062723c751e8b465ee728b)  -> (artifact id: '6904af21977ea0765fe6ca5fe265c59c') in 0.066436 seconds 
========================================================================
Received Import Request.
  Time since last request: 5.155982 seconds.
  path: Assets/Prefabs/Player.prefab
  artifactKey: Guid(59114f2d71a8ede48b9d444e19da1754) Importer(815301076,1909f56bfc062723c751e8b465ee728b)
Start importing Assets/Prefabs/Player.prefab using Guid(59114f2d71a8ede48b9d444e19da1754) Importer(815301076,1909f56bfc062723c751e8b465ee728b)  -> (artifact id: '4046c9d432418a774a31c47faf62a20e') in 0.007445 seconds 
========================================================================
Received Import Request.
  Time since last request: 31.857135 seconds.
  path: Assets/Scripts/EnemySpawner.cs
  artifactKey: Guid(a4913e1632995bb4bb9d720cd4f12806) Importer(815301076,1909f56bfc062723c751e8b465ee728b)
Start importing Assets/Scripts/EnemySpawner.cs using Guid(a4913e1632995bb4bb9d720cd4f12806) Importer(815301076,1909f56bfc062723c751e8b465ee728b)  -> (artifact id: '16822bc53ff80a9c3fb98fa13eaa25d5') in 0.002758 seconds 
========================================================================
Received Import Request.
  Time since last request: 7.797665 seconds.
  path: Assets/Scripts/Damage.cs
  artifactKey: Guid(810d999b4e2e6914aaad25efdd31c986) Importer(815301076,1909f56bfc062723c751e8b465ee728b)
Start importing Assets/Scripts/Damage.cs using Guid(810d999b4e2e6914aaad25efdd31c986) Importer(815301076,1909f56bfc062723c751e8b465ee728b)  -> (artifact id: 'e8cfc6f0ba23bccd9f8cbe42f5ab63c2') in 0.001753 seconds 
========================================================================
Received Prepare
Registering precompiled user dll's ...
Registered in 0.002566 seconds.
Begin MonoManager ReloadAssembly
Symbol file LoadedFromMemory doesn't match image C:\Users\9q.h4\Documents\Github\Laser_Defender\Laser Defender\Library\PackageCache\com.unity.visualscripting@1.6.1\Editor\VisualScripting.Core\Dependencies\YamlDotNet\Unity.VisualScripting.YamlDotNet.dll
Symbol file LoadedFromMemory doesn't match image C:\Users\9q.h4\Documents\Github\Laser_Defender\Laser Defender\Library\PackageCache\com.unity.visualscripting@1.6.1\Editor\VisualScripting.Core\Dependencies\DotNetZip\Unity.VisualScripting.IonicZip.dll
Native extension for WindowsStandalone target not found
Native extension for WebGL target not found
Refreshing native plugins compatible for Editor in 0.73 ms, found 2 plugins.
Preloading 0 native plugins for Editor in 0.00 ms.
Mono: successfully reloaded assembly
- Completed reload, in  0.985 seconds
Platform modules already initialized, skipping
Refreshing native plugins compatible for Editor in 0.92 ms, found 2 plugins.
Preloading 0 native plugins for Editor in 0.00 ms.
Unloading 3669 Unused Serialized files (Serialized files now loaded: 0)
System memory in use before: 143.3 MB.
System memory in use after: 143.4 MB.

Unloading 16 unused Assets to reduce memory usage. Loaded Objects now: 4166.
Total: 2.472000 ms (FindLiveObjects: 0.265600 ms CreateObjectMapping: 0.196700 ms MarkObjects: 1.928600 ms  DeleteObjects: 0.080100 ms)

========================================================================
Received Import Request.
  Time since last request: 450.829364 seconds.
  path: Assets/Scripts/Damage.cs
  artifactKey: Guid(810d999b4e2e6914aaad25efdd31c986) Importer(815301076,1909f56bfc062723c751e8b465ee728b)
Start importing Assets/Scripts/Damage.cs using Guid(810d999b4e2e6914aaad25efdd31c986) Importer(815301076,1909f56bfc062723c751e8b465ee728b)  -> (artifact id: '1e18093cd15b6ece6adea7ccf0aa807c') in 0.009729 seconds 
========================================================================
Received Prepare
Registering precompiled user dll's ...
Registered in 0.003228 seconds.
Begin MonoManager ReloadAssembly
Symbol file LoadedFromMemory doesn't match image C:\Users\9q.h4\Documents\Github\Laser_Defender\Laser Defender\Library\PackageCache\com.unity.visualscripting@1.6.1\Editor\VisualScripting.Core\Dependencies\YamlDotNet\Unity.VisualScripting.YamlDotNet.dll
Symbol file LoadedFromMemory doesn't match image C:\Users\9q.h4\Documents\Github\Laser_Defender\Laser Defender\Library\PackageCache\com.unity.visualscripting@1.6.1\Editor\VisualScripting.Core\Dependencies\DotNetZip\Unity.VisualScripting.IonicZip.dll
Native extension for WindowsStandalone target not found
Native extension for WebGL target not found
Refreshing native plugins compatible for Editor in 0.65 ms, found 2 plugins.
Preloading 0 native plugins for Editor in 0.00 ms.
Mono: successfully reloaded assembly
- Completed reload, in  0.942 seconds
Platform modules already initialized, skipping
Refreshing native plugins compatible for Editor in 0.63 ms, found 2 plugins.
Preloading 0 native plugins for Editor in 0.00 ms.
Unloading 3669 Unused Serialized files (Serialized files now loaded: 0)
System memory in use before: 143.3 MB.
System memory in use after: 143.4 MB.

Unloading 16 unused Assets to reduce memory usage. Loaded Objects now: 4170.
Total: 2.414100 ms (FindLiveObjects: 0.278900 ms CreateObjectMapping: 0.166500 ms MarkObjects: 1.883300 ms  DeleteObjects: 0.084400 ms)

========================================================================
Received Import Request.
  Time since last request: 18.910138 seconds.
  path: Assets/Prefabs/Enemy1.prefab
  artifactKey: Guid(b33c0a45d4396fb44b98097b70e44510) Importer(815301076,1909f56bfc062723c751e8b465ee728b)
Start importing Assets/Prefabs/Enemy1.prefab using Guid(b33c0a45d4396fb44b98097b70e44510) Importer(815301076,1909f56bfc062723c751e8b465ee728b)  -> (artifact id: 'c81990ba1a48500f25233d2b9fd75f2e') in 0.047725 seconds 
========================================================================
Received Import Request.
  Time since last request: 0.418662 seconds.
  path: Assets/Prefabs/Enemy0.prefab
  artifactKey: Guid(e4e93ac43fe5e4146a33ceef139f7b98) Importer(815301076,1909f56bfc062723c751e8b465ee728b)
Start importing Assets/Prefabs/Enemy0.prefab using Guid(e4e93ac43fe5e4146a33ceef139f7b98) Importer(815301076,1909f56bfc062723c751e8b465ee728b)  -> (artifact id: '9a4828752f1c5a5aaa2c68729f5118a1') in 0.006551 seconds 
========================================================================
Received Import Request.
  Time since last request: 4.025245 seconds.
  path: Assets/Prefabs/Enemy0.prefab
  artifactKey: Guid(e4e93ac43fe5e4146a33ceef139f7b98) Importer(815301076,1909f56bfc062723c751e8b465ee728b)
Start importing Assets/Prefabs/Enemy0.prefab using Guid(e4e93ac43fe5e4146a33ceef139f7b98) Importer(815301076,1909f56bfc062723c751e8b465ee728b)  -> (artifact id: '718e08d7b309a1bc1ac7469767da97d2') in 0.007042 seconds 
========================================================================
Received Import Request.
  Time since last request: 3.751474 seconds.
  path: Assets/Prefabs/Enemy1.prefab
  artifactKey: Guid(b33c0a45d4396fb44b98097b70e44510) Importer(815301076,1909f56bfc062723c751e8b465ee728b)
Start importing Assets/Prefabs/Enemy1.prefab using Guid(b33c0a45d4396fb44b98097b70e44510) Importer(815301076,1909f56bfc062723c751e8b465ee728b)  -> (artifact id: '2c3a52af3c4aff149a9269afc22d4f92') in 0.036429 seconds 
========================================================================
Received Import Request.
  Time since last request: 0.377788 seconds.
  path: Assets/Prefabs/Player.prefab
  artifactKey: Guid(59114f2d71a8ede48b9d444e19da1754) Importer(815301076,1909f56bfc062723c751e8b465ee728b)
Start importing Assets/Prefabs/Player.prefab using Guid(59114f2d71a8ede48b9d444e19da1754) Importer(815301076,1909f56bfc062723c751e8b465ee728b)  -> (artifact id: 'd5aa20232c747863f0e2c0c3b9e9f06c') in 0.020440 seconds 
========================================================================
Received Import Request.
  Time since last request: 15.715929 seconds.
  path: Assets/Prefabs/Enemy0.prefab
  artifactKey: Guid(e4e93ac43fe5e4146a33ceef139f7b98) Importer(815301076,1909f56bfc062723c751e8b465ee728b)
Start importing Assets/Prefabs/Enemy0.prefab using Guid(e4e93ac43fe5e4146a33ceef139f7b98) Importer(815301076,1909f56bfc062723c751e8b465ee728b)  -> (artifact id: '650be6470858d741d49706b1b87f94be') in 0.008050 seconds 
========================================================================
Received Import Request.
  Time since last request: 1.259009 seconds.
  path: Assets/Prefabs/Enemy1.prefab
  artifactKey: Guid(b33c0a45d4396fb44b98097b70e44510) Importer(815301076,1909f56bfc062723c751e8b465ee728b)
Start importing Assets/Prefabs/Enemy1.prefab using Guid(b33c0a45d4396fb44b98097b70e44510) Importer(815301076,1909f56bfc062723c751e8b465ee728b)  -> (artifact id: 'da5c3b676f14554b90a46674f8319f9f') in 0.006392 seconds 
========================================================================
Received Prepare
Registering precompiled user dll's ...
Registered in 0.002539 seconds.
Begin MonoManager ReloadAssembly
Symbol file LoadedFromMemory doesn't match image C:\Users\9q.h4\Documents\Github\Laser_Defender\Laser Defender\Library\PackageCache\com.unity.visualscripting@1.6.1\Editor\VisualScripting.Core\Dependencies\YamlDotNet\Unity.VisualScripting.YamlDotNet.dll
Symbol file LoadedFromMemory doesn't match image C:\Users\9q.h4\Documents\Github\Laser_Defender\Laser Defender\Library\PackageCache\com.unity.visualscripting@1.6.1\Editor\VisualScripting.Core\Dependencies\DotNetZip\Unity.VisualScripting.IonicZip.dll
Native extension for WindowsStandalone target not found
Native extension for WebGL target not found
Refreshing native plugins compatible for Editor in 0.67 ms, found 2 plugins.
Preloading 0 native plugins for Editor in 0.00 ms.
Mono: successfully reloaded assembly
- Completed reload, in  0.884 seconds
Platform modules already initialized, skipping
Refreshing native plugins compatible for Editor in 0.62 ms, found 2 plugins.
Preloading 0 native plugins for Editor in 0.00 ms.
Unloading 3669 Unused Serialized files (Serialized files now loaded: 0)
System memory in use before: 143.4 MB.
System memory in use after: 143.5 MB.

Unloading 16 unused Assets to reduce memory usage. Loaded Objects now: 4175.
Total: 2.462800 ms (FindLiveObjects: 0.246800 ms CreateObjectMapping: 0.162100 ms MarkObjects: 1.965200 ms  DeleteObjects: 0.087600 ms)

========================================================================
Received Import Request.
  Time since last request: 36.631715 seconds.
  path: Assets/Prefabs/Enemy0.prefab
  artifactKey: Guid(e4e93ac43fe5e4146a33ceef139f7b98) Importer(815301076,1909f56bfc062723c751e8b465ee728b)
Start importing Assets/Prefabs/Enemy0.prefab using Guid(e4e93ac43fe5e4146a33ceef139f7b98) Importer(815301076,1909f56bfc062723c751e8b465ee728b)  -> (artifact id: 'ca8a6b302517de941987e967c428607f') in 0.046379 seconds 
========================================================================
Received Prepare
Registering precompiled user dll's ...
Registered in 0.002551 seconds.
Begin MonoManager ReloadAssembly
Symbol file LoadedFromMemory doesn't match image C:\Users\9q.h4\Documents\Github\Laser_Defender\Laser Defender\Library\PackageCache\com.unity.visualscripting@1.6.1\Editor\VisualScripting.Core\Dependencies\YamlDotNet\Unity.VisualScripting.YamlDotNet.dll
Symbol file LoadedFromMemory doesn't match image C:\Users\9q.h4\Documents\Github\Laser_Defender\Laser Defender\Library\PackageCache\com.unity.visualscripting@1.6.1\Editor\VisualScripting.Core\Dependencies\DotNetZip\Unity.VisualScripting.IonicZip.dll
Native extension for WindowsStandalone target not found
Native extension for WebGL target not found
Refreshing native plugins compatible for Editor in 0.71 ms, found 2 plugins.
Preloading 0 native plugins for Editor in 0.00 ms.
Mono: successfully reloaded assembly
- Completed reload, in  1.054 seconds
Platform modules already initialized, skipping
Refreshing native plugins compatible for Editor in 0.69 ms, found 2 plugins.
Preloading 0 native plugins for Editor in 0.00 ms.
Unloading 3669 Unused Serialized files (Serialized files now loaded: 0)
System memory in use before: 143.4 MB.
System memory in use after: 143.5 MB.

Unloading 16 unused Assets to reduce memory usage. Loaded Objects now: 4180.
Total: 2.700600 ms (FindLiveObjects: 0.297200 ms CreateObjectMapping: 0.201400 ms MarkObjects: 2.109600 ms  DeleteObjects: 0.091500 ms)

========================================================================
Received Import Request.
  Time since last request: 18.806462 seconds.
  path: Assets/Prefabs/Enemy1.prefab
  artifactKey: Guid(b33c0a45d4396fb44b98097b70e44510) Importer(815301076,1909f56bfc062723c751e8b465ee728b)
Start importing Assets/Prefabs/Enemy1.prefab using Guid(b33c0a45d4396fb44b98097b70e44510) Importer(815301076,1909f56bfc062723c751e8b465ee728b)  -> (artifact id: '6255d53a915010e6009f068754888616') in 0.047292 seconds 
========================================================================
Received Prepare
Registering precompiled user dll's ...
Registered in 0.002590 seconds.
Begin MonoManager ReloadAssembly
Symbol file LoadedFromMemory doesn't match image C:\Users\9q.h4\Documents\Github\Laser_Defender\Laser Defender\Library\PackageCache\com.unity.visualscripting@1.6.1\Editor\VisualScripting.Core\Dependencies\YamlDotNet\Unity.VisualScripting.YamlDotNet.dll
Symbol file LoadedFromMemory doesn't match image C:\Users\9q.h4\Documents\Github\Laser_Defender\Laser Defender\Library\PackageCache\com.unity.visualscripting@1.6.1\Editor\VisualScripting.Core\Dependencies\DotNetZip\Unity.VisualScripting.IonicZip.dll
Native extension for WindowsStandalone target not found
Native extension for WebGL target not found
Refreshing native plugins compatible for Editor in 0.75 ms, found 2 plugins.
Preloading 0 native plugins for Editor in 0.00 ms.
Mono: successfully reloaded assembly
- Completed reload, in  0.875 seconds
Platform modules already initialized, skipping
Refreshing native plugins compatible for Editor in 0.63 ms, found 2 plugins.
Preloading 0 native plugins for Editor in 0.00 ms.
Unloading 3669 Unused Serialized files (Serialized files now loaded: 0)
System memory in use before: 143.4 MB.
System memory in use after: 143.5 MB.

Unloading 16 unused Assets to reduce memory usage. Loaded Objects now: 4185.
Total: 2.577500 ms (FindLiveObjects: 0.312000 ms CreateObjectMapping: 0.225500 ms MarkObjects: 1.953400 ms  DeleteObjects: 0.085700 ms)

========================================================================
Received Import Request.
  Time since last request: 39.972401 seconds.
  path: Assets/Prefabs/Player.prefab
  artifactKey: Guid(59114f2d71a8ede48b9d444e19da1754) Importer(815301076,1909f56bfc062723c751e8b465ee728b)
Start importing Assets/Prefabs/Player.prefab using Guid(59114f2d71a8ede48b9d444e19da1754) Importer(815301076,1909f56bfc062723c751e8b465ee728b)  -> (artifact id: '6705f255391f5a5c915b372008675bd6') in 0.067665 seconds 
========================================================================
Received Prepare
Registering precompiled user dll's ...
Registered in 0.002638 seconds.
Begin MonoManager ReloadAssembly
Symbol file LoadedFromMemory doesn't match image C:\Users\9q.h4\Documents\Github\Laser_Defender\Laser Defender\Library\PackageCache\com.unity.visualscripting@1.6.1\Editor\VisualScripting.Core\Dependencies\YamlDotNet\Unity.VisualScripting.YamlDotNet.dll
Symbol file LoadedFromMemory doesn't match image C:\Users\9q.h4\Documents\Github\Laser_Defender\Laser Defender\Library\PackageCache\com.unity.visualscripting@1.6.1\Editor\VisualScripting.Core\Dependencies\DotNetZip\Unity.VisualScripting.IonicZip.dll
Native extension for WindowsStandalone target not found
Native extension for WebGL target not found
Refreshing native plugins compatible for Editor in 0.67 ms, found 2 plugins.
Preloading 0 native plugins for Editor in 0.00 ms.
Mono: successfully reloaded assembly
- Completed reload, in  0.869 seconds
Platform modules already initialized, skipping
Refreshing native plugins compatible for Editor in 0.68 ms, found 2 plugins.
Preloading 0 native plugins for Editor in 0.00 ms.
Unloading 3669 Unused Serialized files (Serialized files now loaded: 0)
System memory in use before: 143.4 MB.
System memory in use after: 143.5 MB.

Unloading 16 unused Assets to reduce memory usage. Loaded Objects now: 4190.
Total: 2.337300 ms (FindLiveObjects: 0.257400 ms CreateObjectMapping: 0.170800 ms MarkObjects: 1.826900 ms  DeleteObjects: 0.081000 ms)

========================================================================
Received Import Request.
  Time since last request: 60.252651 seconds.
  path: Assets/Asset Packs/spaceshooter/PNG/Lasers/laserGreen16.png
  artifactKey: Guid(2b507dd0d18ca1a4997a3eb1514d7c4f) Importer(815301076,1909f56bfc062723c751e8b465ee728b)
Start importing Assets/Asset Packs/spaceshooter/PNG/Lasers/laserGreen16.png using Guid(2b507dd0d18ca1a4997a3eb1514d7c4f) Importer(815301076,1909f56bfc062723c751e8b465ee728b)  -> (artifact id: '8ff41926f3489f55be3c7b4392e33dd5') in 0.120718 seconds 
========================================================================
Received Import Request.
  Time since last request: 2.906401 seconds.
  path: Assets/Asset Packs/spaceshooter/PNG/Lasers/laserGreen15.png
  artifactKey: Guid(e6a94b1336cb44d4daa424eb2f48fe09) Importer(815301076,1909f56bfc062723c751e8b465ee728b)
Start importing Assets/Asset Packs/spaceshooter/PNG/Lasers/laserGreen15.png using Guid(e6a94b1336cb44d4daa424eb2f48fe09) Importer(815301076,1909f56bfc062723c751e8b465ee728b)  -> (artifact id: '1ece62a9cf25b1b2466f18be942fba1b') in 0.008503 seconds 
========================================================================
Received Import Request.
  Time since last request: 0.933151 seconds.
  path: Assets/Asset Packs/spaceshooter/PNG/Lasers/laserGreen13.png
  artifactKey: Guid(4051983250ac53d4b85095cae5fd053e) Importer(815301076,1909f56bfc062723c751e8b465ee728b)
Start importing Assets/Asset Packs/spaceshooter/PNG/Lasers/laserGreen13.png using Guid(4051983250ac53d4b85095cae5fd053e) Importer(815301076,1909f56bfc062723c751e8b465ee728b)  -> (artifact id: '5c527a14fcd06c502b92016e7340a2d6') in 0.024406 seconds 
========================================================================
Received Import Request.
  Time since last request: 2.256321 seconds.
  path: Assets/Asset Packs/spaceshooter/PNG/Lasers/laserGreen01.png
  artifactKey: Guid(66767a078a045f44389b629f44165eba) Importer(815301076,1909f56bfc062723c751e8b465ee728b)
Start importing Assets/Asset Packs/spaceshooter/PNG/Lasers/laserGreen01.png using Guid(66767a078a045f44389b629f44165eba) Importer(815301076,1909f56bfc062723c751e8b465ee728b)  -> (artifact id: 'cb229fa56d2d8288738facf94865b963') in 0.009401 seconds 
========================================================================
Received Import Request.
  Time since last request: 0.656315 seconds.
  path: Assets/Asset Packs/spaceshooter/PNG/Lasers/laserGreen02.png
  artifactKey: Guid(12645e2c4d42d454fb1c88cdcb1ae943) Importer(815301076,1909f56bfc062723c751e8b465ee728b)
Start importing Assets/Asset Packs/spaceshooter/PNG/Lasers/laserGreen02.png using Guid(12645e2c4d42d454fb1c88cdcb1ae943) Importer(815301076,1909f56bfc062723c751e8b465ee728b)  -> (artifact id: '2f8e9c60dddef5568e29afd3a00b895c') in 0.016427 seconds 
========================================================================
Received Import Request.
  Time since last request: 32.778170 seconds.
  path: Assets/Asset Packs/spaceshooter/PNG/Lasers/laserGreen03.png
  artifactKey: Guid(9538c36109fee564a968d6a2e7a8993d) Importer(815301076,1909f56bfc062723c751e8b465ee728b)
Start importing Assets/Asset Packs/spaceshooter/PNG/Lasers/laserGreen03.png using Guid(9538c36109fee564a968d6a2e7a8993d) Importer(815301076,1909f56bfc062723c751e8b465ee728b)  -> (artifact id: 'c0f34659b78f47dd2873e688562591fd') in 0.095642 seconds 
========================================================================
Received Import Request.
  Time since last request: 0.305822 seconds.
  path: Assets/Asset Packs/spaceshooter/PNG/Lasers/laserGreen07.png
  artifactKey: Guid(56f2d301d2adde242a989600d9586c3a) Importer(815301076,1909f56bfc062723c751e8b465ee728b)
Start importing Assets/Asset Packs/spaceshooter/PNG/Lasers/laserGreen07.png using Guid(56f2d301d2adde242a989600d9586c3a) Importer(815301076,1909f56bfc062723c751e8b465ee728b)  -> (artifact id: 'eb5e8733c9557dfc2021b07ec9a64eac') in 0.033627 seconds 
========================================================================
Received Import Request.
  Time since last request: 0.650577 seconds.
  path: Assets/Asset Packs/spaceshooter/PNG/Lasers/laserGreen08.png
  artifactKey: Guid(1f9841632ae147548ae6a62f48149a34) Importer(815301076,1909f56bfc062723c751e8b465ee728b)
Start importing Assets/Asset Packs/spaceshooter/PNG/Lasers/laserGreen08.png using Guid(1f9841632ae147548ae6a62f48149a34) Importer(815301076,1909f56bfc062723c751e8b465ee728b)  -> (artifact id: 'a8c81b90912ef6b3003ea20a615fb2a2') in 0.020799 seconds 
========================================================================
Received Import Request.
  Time since last request: 1.247257 seconds.
  path: Assets/Asset Packs/spaceshooter/PNG/Lasers/laserGreen11.png
  artifactKey: Guid(6f671544462eeea49986f5e99e1b1e6e) Importer(815301076,1909f56bfc062723c751e8b465ee728b)
Start importing Assets/Asset Packs/spaceshooter/PNG/Lasers/laserGreen11.png using Guid(6f671544462eeea49986f5e99e1b1e6e) Importer(815301076,1909f56bfc062723c751e8b465ee728b)  -> (artifact id: 'a284410b93ecf1e052653e51619c817e') in 0.009491 seconds 
========================================================================
Received Import Request.
  Time since last request: 52.137566 seconds.
  path: Assets/Prefabs/Projectile.prefab
  artifactKey: Guid(d8974ee7c56b3ac4c9deaed9d1043a5f) Importer(815301076,1909f56bfc062723c751e8b465ee728b)
Start importing Assets/Prefabs/Projectile.prefab using Guid(d8974ee7c56b3ac4c9deaed9d1043a5f) Importer(815301076,1909f56bfc062723c751e8b465ee728b)  -> (artifact id: '85612eb5ab2857639adb216027a9ee03') in 0.022357 seconds 
========================================================================
Received Import Request.
  Time since last request: 6.745603 seconds.
  path: Assets/Prefabs/ProjectilePlayer.prefab
  artifactKey: Guid(d8974ee7c56b3ac4c9deaed9d1043a5f) Importer(815301076,1909f56bfc062723c751e8b465ee728b)
Start importing Assets/Prefabs/ProjectilePlayer.prefab using Guid(d8974ee7c56b3ac4c9deaed9d1043a5f) Importer(815301076,1909f56bfc062723c751e8b465ee728b)  -> (artifact id: '8c4cebef420ab832ee5113d6f18fccfe') in 0.007565 seconds 
========================================================================
Received Import Request.
  Time since last request: 4.381294 seconds.
  path: Assets/Prefabs/ProjectilePlayer 1.prefab
  artifactKey: Guid(67f6178cf71740a4999a833922c00426) Importer(815301076,1909f56bfc062723c751e8b465ee728b)
Start importing Assets/Prefabs/ProjectilePlayer 1.prefab using Guid(67f6178cf71740a4999a833922c00426) Importer(815301076,1909f56bfc062723c751e8b465ee728b)  -> (artifact id: 'f79c248f13bdc3c632200621f0250dfe') in 0.006365 seconds 
========================================================================
Received Import Request.
  Time since last request: 5.538642 seconds.
  path: Assets/Prefabs/ProjectileEnemy.prefab
  artifactKey: Guid(67f6178cf71740a4999a833922c00426) Importer(815301076,1909f56bfc062723c751e8b465ee728b)
Start importing Assets/Prefabs/ProjectileEnemy.prefab using Guid(67f6178cf71740a4999a833922c00426) Importer(815301076,1909f56bfc062723c751e8b465ee728b)  -> (artifact id: '73378a65433fd80b418773c85c824487') in 0.007158 seconds 
========================================================================
Received Import Request.
  Time since last request: 12.966907 seconds.
  path: Assets/Asset Packs/spaceshooter/PNG/Lasers/laserRed07.png
  artifactKey: Guid(4ea663861b0b9c441b87dab293cd6f2f) Importer(815301076,1909f56bfc062723c751e8b465ee728b)
Start importing Assets/Asset Packs/spaceshooter/PNG/Lasers/laserRed07.png using Guid(4ea663861b0b9c441b87dab293cd6f2f) Importer(815301076,1909f56bfc062723c751e8b465ee728b)  -> (artifact id: '256a0240b7d04bfb8dcc16441e3e5499') in 0.010395 seconds 
========================================================================
Received Import Request.
  Time since last request: 60.959599 seconds.
  path: Assets/Prefabs/ProjectileEnemy.prefab
  artifactKey: Guid(67f6178cf71740a4999a833922c00426) Importer(815301076,1909f56bfc062723c751e8b465ee728b)
Start importing Assets/Prefabs/ProjectileEnemy.prefab using Guid(67f6178cf71740a4999a833922c00426) Importer(815301076,1909f56bfc062723c751e8b465ee728b)  -> (artifact id: '2bac405c8bedf90a6cae5e2e3a328086') in 0.008880 seconds 
========================================================================
Received Prepare
Registering precompiled user dll's ...
Registered in 0.002622 seconds.
Begin MonoManager ReloadAssembly
Symbol file LoadedFromMemory doesn't match image C:\Users\9q.h4\Documents\Github\Laser_Defender\Laser Defender\Library\PackageCache\com.unity.visualscripting@1.6.1\Editor\VisualScripting.Core\Dependencies\YamlDotNet\Unity.VisualScripting.YamlDotNet.dll
Symbol file LoadedFromMemory doesn't match image C:\Users\9q.h4\Documents\Github\Laser_Defender\Laser Defender\Library\PackageCache\com.unity.visualscripting@1.6.1\Editor\VisualScripting.Core\Dependencies\DotNetZip\Unity.VisualScripting.IonicZip.dll
Native extension for WindowsStandalone target not found
Native extension for WebGL target not found
Refreshing native plugins compatible for Editor in 0.65 ms, found 2 plugins.
Preloading 0 native plugins for Editor in 0.00 ms.
Mono: successfully reloaded assembly
- Completed reload, in  0.944 seconds
Platform modules already initialized, skipping
Refreshing native plugins compatible for Editor in 1.02 ms, found 2 plugins.
Preloading 0 native plugins for Editor in 0.00 ms.
Unloading 3679 Unused Serialized files (Serialized files now loaded: 0)
System memory in use before: 148.0 MB.
System memory in use after: 148.1 MB.

Unloading 16 unused Assets to reduce memory usage. Loaded Objects now: 4362.
Total: 2.514800 ms (FindLiveObjects: 0.289400 ms CreateObjectMapping: 0.168100 ms MarkObjects: 1.969900 ms  DeleteObjects: 0.086600 ms)

========================================================================
Received Import Request.
  Time since last request: 100.904251 seconds.
  path: ProjectSettings/TagManager.asset
  artifactKey: Guid(00000000000000003000000000000000) Importer(815301076,1909f56bfc062723c751e8b465ee728b)
Start importing ProjectSettings/TagManager.asset using Guid(00000000000000003000000000000000) Importer(815301076,1909f56bfc062723c751e8b465ee728b)  -> (artifact id: '95df672b4aaba54310d34c83eef51bb8') in 0.013739 seconds 
========================================================================
Received Prepare
Registering precompiled user dll's ...
Registered in 0.002550 seconds.
Begin MonoManager ReloadAssembly
Symbol file LoadedFromMemory doesn't match image C:\Users\9q.h4\Documents\Github\Laser_Defender\Laser Defender\Library\PackageCache\com.unity.visualscripting@1.6.1\Editor\VisualScripting.Core\Dependencies\YamlDotNet\Unity.VisualScripting.YamlDotNet.dll
Symbol file LoadedFromMemory doesn't match image C:\Users\9q.h4\Documents\Github\Laser_Defender\Laser Defender\Library\PackageCache\com.unity.visualscripting@1.6.1\Editor\VisualScripting.Core\Dependencies\DotNetZip\Unity.VisualScripting.IonicZip.dll
Native extension for WindowsStandalone target not found
Native extension for WebGL target not found
Refreshing native plugins compatible for Editor in 0.64 ms, found 2 plugins.
Preloading 0 native plugins for Editor in 0.00 ms.
Mono: successfully reloaded assembly
- Completed reload, in  0.912 seconds
Platform modules already initialized, skipping
Refreshing native plugins compatible for Editor in 0.63 ms, found 2 plugins.
Preloading 0 native plugins for Editor in 0.00 ms.
Unloading 3669 Unused Serialized files (Serialized files now loaded: 0)
System memory in use before: 147.6 MB.
System memory in use after: 147.7 MB.

Unloading 17 unused Assets to reduce memory usage. Loaded Objects now: 4366.
Total: 3.721500 ms (FindLiveObjects: 0.303400 ms CreateObjectMapping: 0.184700 ms MarkObjects: 3.076300 ms  DeleteObjects: 0.155900 ms)

========================================================================
Received Import Request.
  Time since last request: 25.928250 seconds.
  path: Assets/Prefabs/ProjectilePlayer.prefab
  artifactKey: Guid(d8974ee7c56b3ac4c9deaed9d1043a5f) Importer(815301076,1909f56bfc062723c751e8b465ee728b)
Start importing Assets/Prefabs/ProjectilePlayer.prefab using Guid(d8974ee7c56b3ac4c9deaed9d1043a5f) Importer(815301076,1909f56bfc062723c751e8b465ee728b)  -> (artifact id: '51407dd02cd9ab504cdca5ff2ff1e50f') in 0.044373 seconds 
========================================================================
Received Import Request.
  Time since last request: 5.369141 seconds.
  path: Assets/Prefabs/ProjectileEnemy.prefab
  artifactKey: Guid(67f6178cf71740a4999a833922c00426) Importer(815301076,1909f56bfc062723c751e8b465ee728b)
Start importing Assets/Prefabs/ProjectileEnemy.prefab using Guid(67f6178cf71740a4999a833922c00426) Importer(815301076,1909f56bfc062723c751e8b465ee728b)  -> (artifact id: '2f89cb6ea848b7b645143e63dbba8f5b') in 0.006810 seconds 
========================================================================
Received Import Request.
  Time since last request: 2.201913 seconds.
  path: Assets/Prefabs/ProjectilePlayer.prefab
  artifactKey: Guid(d8974ee7c56b3ac4c9deaed9d1043a5f) Importer(815301076,1909f56bfc062723c751e8b465ee728b)
Start importing Assets/Prefabs/ProjectilePlayer.prefab using Guid(d8974ee7c56b3ac4c9deaed9d1043a5f) Importer(815301076,1909f56bfc062723c751e8b465ee728b)  -> (artifact id: 'db9ec38c8e4c03bda349d60bb19e2294') in 0.006629 seconds 
========================================================================
Received Prepare
Registering precompiled user dll's ...
Registered in 0.003264 seconds.
Begin MonoManager ReloadAssembly
Symbol file LoadedFromMemory doesn't match image C:\Users\9q.h4\Documents\Github\Laser_Defender\Laser Defender\Library\PackageCache\com.unity.visualscripting@1.6.1\Editor\VisualScripting.Core\Dependencies\YamlDotNet\Unity.VisualScripting.YamlDotNet.dll
Symbol file LoadedFromMemory doesn't match image C:\Users\9q.h4\Documents\Github\Laser_Defender\Laser Defender\Library\PackageCache\com.unity.visualscripting@1.6.1\Editor\VisualScripting.Core\Dependencies\DotNetZip\Unity.VisualScripting.IonicZip.dll
Native extension for WindowsStandalone target not found
Native extension for WebGL target not found
Refreshing native plugins compatible for Editor in 0.66 ms, found 2 plugins.
Preloading 0 native plugins for Editor in 0.00 ms.
Mono: successfully reloaded assembly
- Completed reload, in  0.936 seconds
Platform modules already initialized, skipping
Refreshing native plugins compatible for Editor in 0.64 ms, found 2 plugins.
Preloading 0 native plugins for Editor in 0.00 ms.
Unloading 3669 Unused Serialized files (Serialized files now loaded: 0)
System memory in use before: 147.6 MB.
System memory in use after: 147.7 MB.

Unloading 16 unused Assets to reduce memory usage. Loaded Objects now: 4371.
Total: 2.671000 ms (FindLiveObjects: 0.293500 ms CreateObjectMapping: 0.168000 ms MarkObjects: 2.059900 ms  DeleteObjects: 0.148500 ms)

========================================================================
Received Prepare
Registering precompiled user dll's ...
Registered in 0.002576 seconds.
Begin MonoManager ReloadAssembly
Symbol file LoadedFromMemory doesn't match image C:\Users\9q.h4\Documents\Github\Laser_Defender\Laser Defender\Library\PackageCache\com.unity.visualscripting@1.6.1\Editor\VisualScripting.Core\Dependencies\YamlDotNet\Unity.VisualScripting.YamlDotNet.dll
Symbol file LoadedFromMemory doesn't match image C:\Users\9q.h4\Documents\Github\Laser_Defender\Laser Defender\Library\PackageCache\com.unity.visualscripting@1.6.1\Editor\VisualScripting.Core\Dependencies\DotNetZip\Unity.VisualScripting.IonicZip.dll
Native extension for WindowsStandalone target not found
Native extension for WebGL target not found
Refreshing native plugins compatible for Editor in 0.71 ms, found 2 plugins.
Preloading 0 native plugins for Editor in 0.00 ms.
Mono: successfully reloaded assembly
- Completed reload, in  0.944 seconds
Platform modules already initialized, skipping
Refreshing native plugins compatible for Editor in 1.00 ms, found 2 plugins.
Preloading 0 native plugins for Editor in 0.00 ms.
Unloading 3669 Unused Serialized files (Serialized files now loaded: 0)
System memory in use before: 147.6 MB.
System memory in use after: 147.7 MB.

Unloading 16 unused Assets to reduce memory usage. Loaded Objects now: 4375.
Total: 2.597100 ms (FindLiveObjects: 0.277200 ms CreateObjectMapping: 0.182100 ms MarkObjects: 2.047300 ms  DeleteObjects: 0.089600 ms)

========================================================================
Received Prepare
Registering precompiled user dll's ...
Registered in 0.002572 seconds.
Begin MonoManager ReloadAssembly
Symbol file LoadedFromMemory doesn't match image C:\Users\9q.h4\Documents\Github\Laser_Defender\Laser Defender\Library\PackageCache\com.unity.visualscripting@1.6.1\Editor\VisualScripting.Core\Dependencies\YamlDotNet\Unity.VisualScripting.YamlDotNet.dll
Symbol file LoadedFromMemory doesn't match image C:\Users\9q.h4\Documents\Github\Laser_Defender\Laser Defender\Library\PackageCache\com.unity.visualscripting@1.6.1\Editor\VisualScripting.Core\Dependencies\DotNetZip\Unity.VisualScripting.IonicZip.dll
Native extension for WindowsStandalone target not found
Native extension for WebGL target not found
Refreshing native plugins compatible for Editor in 0.65 ms, found 2 plugins.
Preloading 0 native plugins for Editor in 0.00 ms.
Mono: successfully reloaded assembly
- Completed reload, in  0.925 seconds
Platform modules already initialized, skipping
Refreshing native plugins compatible for Editor in 0.66 ms, found 2 plugins.
Preloading 0 native plugins for Editor in 0.00 ms.
Unloading 3669 Unused Serialized files (Serialized files now loaded: 0)
System memory in use before: 147.6 MB.
System memory in use after: 147.7 MB.

Unloading 16 unused Assets to reduce memory usage. Loaded Objects now: 4379.
Total: 2.415200 ms (FindLiveObjects: 0.275600 ms CreateObjectMapping: 0.177200 ms MarkObjects: 1.868800 ms  DeleteObjects: 0.092700 ms)

========================================================================
Received Import Request.
  Time since last request: 181.720260 seconds.
  path: Assets/Prefabs/Enemy1.prefab
  artifactKey: Guid(b33c0a45d4396fb44b98097b70e44510) Importer(815301076,1909f56bfc062723c751e8b465ee728b)
Start importing Assets/Prefabs/Enemy1.prefab using Guid(b33c0a45d4396fb44b98097b70e44510) Importer(815301076,1909f56bfc062723c751e8b465ee728b)  -> (artifact id: 'e63123d5c472ba70bcdc3b46e02cdcfc') in 0.045025 seconds 
========================================================================
Received Import Request.
  Time since last request: 9.606601 seconds.
  path: Assets/Prefabs/Enemy0.prefab
  artifactKey: Guid(e4e93ac43fe5e4146a33ceef139f7b98) Importer(815301076,1909f56bfc062723c751e8b465ee728b)
Start importing Assets/Prefabs/Enemy0.prefab using Guid(e4e93ac43fe5e4146a33ceef139f7b98) Importer(815301076,1909f56bfc062723c751e8b465ee728b)  -> (artifact id: 'b959ce3e580f12e00de5b4fe6cb72509') in 0.007041 seconds 
========================================================================
Received Import Request.
  Time since last request: 5.273335 seconds.
  path: Assets/Prefabs/Enemy1.prefab
  artifactKey: Guid(b33c0a45d4396fb44b98097b70e44510) Importer(815301076,1909f56bfc062723c751e8b465ee728b)
Start importing Assets/Prefabs/Enemy1.prefab using Guid(b33c0a45d4396fb44b98097b70e44510) Importer(815301076,1909f56bfc062723c751e8b465ee728b)  -> (artifact id: '8dde716691c4c18d4196b51e16864897') in 0.007957 seconds 
========================================================================
Received Import Request.
  Time since last request: 0.497844 seconds.
  path: Assets/Prefabs/Player.prefab
  artifactKey: Guid(59114f2d71a8ede48b9d444e19da1754) Importer(815301076,1909f56bfc062723c751e8b465ee728b)
Start importing Assets/Prefabs/Player.prefab using Guid(59114f2d71a8ede48b9d444e19da1754) Importer(815301076,1909f56bfc062723c751e8b465ee728b)  -> (artifact id: '13ba3a738b3bd397604acf5fde6de1e8') in 0.024567 seconds 
========================================================================
Received Import Request.
  Time since last request: 24.310784 seconds.
  path: Assets/Prefabs/ProjectileEnemy.prefab
  artifactKey: Guid(67f6178cf71740a4999a833922c00426) Importer(815301076,1909f56bfc062723c751e8b465ee728b)
Start importing Assets/Prefabs/ProjectileEnemy.prefab using Guid(67f6178cf71740a4999a833922c00426) Importer(815301076,1909f56bfc062723c751e8b465ee728b)  -> (artifact id: '2b8713bf2f0a77c374b6df6518736468') in 0.006805 seconds 
========================================================================
Received Prepare
Registering precompiled user dll's ...
Registered in 0.002575 seconds.
Begin MonoManager ReloadAssembly
Symbol file LoadedFromMemory doesn't match image C:\Users\9q.h4\Documents\Github\Laser_Defender\Laser Defender\Library\PackageCache\com.unity.visualscripting@1.6.1\Editor\VisualScripting.Core\Dependencies\YamlDotNet\Unity.VisualScripting.YamlDotNet.dll
Symbol file LoadedFromMemory doesn't match image C:\Users\9q.h4\Documents\Github\Laser_Defender\Laser Defender\Library\PackageCache\com.unity.visualscripting@1.6.1\Editor\VisualScripting.Core\Dependencies\DotNetZip\Unity.VisualScripting.IonicZip.dll
Native extension for WindowsStandalone target not found
Native extension for WebGL target not found
Refreshing native plugins compatible for Editor in 0.67 ms, found 2 plugins.
Preloading 0 native plugins for Editor in 0.00 ms.
Mono: successfully reloaded assembly
- Completed reload, in  0.969 seconds
Platform modules already initialized, skipping
Refreshing native plugins compatible for Editor in 0.64 ms, found 2 plugins.
Preloading 0 native plugins for Editor in 0.00 ms.
Unloading 3669 Unused Serialized files (Serialized files now loaded: 0)
System memory in use before: 147.6 MB.
System memory in use after: 147.7 MB.

Unloading 16 unused Assets to reduce memory usage. Loaded Objects now: 4384.
Total: 2.478300 ms (FindLiveObjects: 0.279500 ms CreateObjectMapping: 0.177300 ms MarkObjects: 1.936700 ms  DeleteObjects: 0.083900 ms)

========================================================================
Received Import Request.
  Time since last request: 136.424296 seconds.
  path: Assets/InputSystem/InputActions.inputactions
  artifactKey: Guid(ce8a66d21992e6548a9392250443f0d5) Importer(815301076,1909f56bfc062723c751e8b465ee728b)
Start importing Assets/InputSystem/InputActions.inputactions using Guid(ce8a66d21992e6548a9392250443f0d5) Importer(815301076,1909f56bfc062723c751e8b465ee728b)  -> (artifact id: 'b46f7980c40d8b6fb441c50eafdb9dfa') in 0.023868 seconds 
========================================================================
Received Prepare
Registering precompiled user dll's ...
Registered in 0.002792 seconds.
Begin MonoManager ReloadAssembly
Symbol file LoadedFromMemory doesn't match image C:\Users\9q.h4\Documents\Github\Laser_Defender\Laser Defender\Library\PackageCache\com.unity.visualscripting@1.6.1\Editor\VisualScripting.Core\Dependencies\YamlDotNet\Unity.VisualScripting.YamlDotNet.dll
Symbol file LoadedFromMemory doesn't match image C:\Users\9q.h4\Documents\Github\Laser_Defender\Laser Defender\Library\PackageCache\com.unity.visualscripting@1.6.1\Editor\VisualScripting.Core\Dependencies\DotNetZip\Unity.VisualScripting.IonicZip.dll
Native extension for WindowsStandalone target not found
Native extension for WebGL target not found
Refreshing native plugins compatible for Editor in 0.67 ms, found 2 plugins.
Preloading 0 native plugins for Editor in 0.00 ms.
Mono: successfully reloaded assembly
- Completed reload, in  0.954 seconds
Platform modules already initialized, skipping
Refreshing native plugins compatible for Editor in 0.75 ms, found 2 plugins.
Preloading 0 native plugins for Editor in 0.00 ms.
Unloading 3669 Unused Serialized files (Serialized files now loaded: 0)
System memory in use before: 147.6 MB.
System memory in use after: 147.7 MB.

Unloading 16 unused Assets to reduce memory usage. Loaded Objects now: 4388.
Total: 3.362900 ms (FindLiveObjects: 0.475100 ms CreateObjectMapping: 0.303100 ms MarkObjects: 2.495500 ms  DeleteObjects: 0.087900 ms)

========================================================================
Received Import Request.
  Time since last request: 136.700374 seconds.
  path: Assets/Prefabs/Player.prefab
  artifactKey: Guid(59114f2d71a8ede48b9d444e19da1754) Importer(815301076,1909f56bfc062723c751e8b465ee728b)
Start importing Assets/Prefabs/Player.prefab using Guid(59114f2d71a8ede48b9d444e19da1754) Importer(815301076,1909f56bfc062723c751e8b465ee728b)  -> (artifact id: 'e2dfe24f0e102f8a235e7c6e6f97f692') in 0.057961 seconds 
========================================================================
Received Prepare
Registering precompiled user dll's ...
Registered in 0.002536 seconds.
Begin MonoManager ReloadAssembly
Symbol file LoadedFromMemory doesn't match image C:\Users\9q.h4\Documents\Github\Laser_Defender\Laser Defender\Library\PackageCache\com.unity.visualscripting@1.6.1\Editor\VisualScripting.Core\Dependencies\YamlDotNet\Unity.VisualScripting.YamlDotNet.dll
Symbol file LoadedFromMemory doesn't match image C:\Users\9q.h4\Documents\Github\Laser_Defender\Laser Defender\Library\PackageCache\com.unity.visualscripting@1.6.1\Editor\VisualScripting.Core\Dependencies\DotNetZip\Unity.VisualScripting.IonicZip.dll
Native extension for WindowsStandalone target not found
Native extension for WebGL target not found
Refreshing native plugins compatible for Editor in 0.66 ms, found 2 plugins.
Preloading 0 native plugins for Editor in 0.00 ms.
Mono: successfully reloaded assembly
- Completed reload, in  0.935 seconds
Platform modules already initialized, skipping
Refreshing native plugins compatible for Editor in 0.75 ms, found 2 plugins.
Preloading 0 native plugins for Editor in 0.00 ms.
Unloading 3670 Unused Serialized files (Serialized files now loaded: 0)
System memory in use before: 147.7 MB.
System memory in use after: 147.8 MB.

Unloading 16 unused Assets to reduce memory usage. Loaded Objects now: 4394.
Total: 2.819300 ms (FindLiveObjects: 0.307100 ms CreateObjectMapping: 0.193300 ms MarkObjects: 2.222900 ms  DeleteObjects: 0.094700 ms)

========================================================================
Received Prepare
Registering precompiled user dll's ...
Registered in 0.002527 seconds.
Begin MonoManager ReloadAssembly
Symbol file LoadedFromMemory doesn't match image C:\Users\9q.h4\Documents\Github\Laser_Defender\Laser Defender\Library\PackageCache\com.unity.visualscripting@1.6.1\Editor\VisualScripting.Core\Dependencies\YamlDotNet\Unity.VisualScripting.YamlDotNet.dll
Symbol file LoadedFromMemory doesn't match image C:\Users\9q.h4\Documents\Github\Laser_Defender\Laser Defender\Library\PackageCache\com.unity.visualscripting@1.6.1\Editor\VisualScripting.Core\Dependencies\DotNetZip\Unity.VisualScripting.IonicZip.dll
Native extension for WindowsStandalone target not found
Native extension for WebGL target not found
Refreshing native plugins compatible for Editor in 0.67 ms, found 2 plugins.
Preloading 0 native plugins for Editor in 0.00 ms.
Mono: successfully reloaded assembly
- Completed reload, in  0.944 seconds
Platform modules already initialized, skipping
Refreshing native plugins compatible for Editor in 0.68 ms, found 2 plugins.
Preloading 0 native plugins for Editor in 0.00 ms.
Unloading 3670 Unused Serialized files (Serialized files now loaded: 0)
System memory in use before: 147.7 MB.
System memory in use after: 147.8 MB.

Unloading 16 unused Assets to reduce memory usage. Loaded Objects now: 4398.
Total: 2.749300 ms (FindLiveObjects: 0.286600 ms CreateObjectMapping: 0.172000 ms MarkObjects: 2.195800 ms  DeleteObjects: 0.093900 ms)

========================================================================
Received Import Request.
  Time since last request: 27.420425 seconds.
  path: Assets/Scripts/Shoot.cs
  artifactKey: Guid(2e4f2ba5399f15945ba052f22b7a7c90) Importer(815301076,1909f56bfc062723c751e8b465ee728b)
Start importing Assets/Scripts/Shoot.cs using Guid(2e4f2ba5399f15945ba052f22b7a7c90) Importer(815301076,1909f56bfc062723c751e8b465ee728b)  -> (artifact id: 'b00b349db4e8e19c92446259efbd7396') in 0.005465 seconds 
========================================================================
Received Import Request.
  Time since last request: 739.308441 seconds.
  path: Assets/Scripts/Shoot.cs
  artifactKey: Guid(2e4f2ba5399f15945ba052f22b7a7c90) Importer(815301076,1909f56bfc062723c751e8b465ee728b)
Start importing Assets/Scripts/Shoot.cs using Guid(2e4f2ba5399f15945ba052f22b7a7c90) Importer(815301076,1909f56bfc062723c751e8b465ee728b)  -> (artifact id: 'c88b882627fbd2b91f173bdd977934d5') in 0.001964 seconds 
========================================================================
Received Prepare
Registering precompiled user dll's ...
Registered in 0.002943 seconds.
Begin MonoManager ReloadAssembly
Symbol file LoadedFromMemory doesn't match image C:\Users\9q.h4\Documents\Github\Laser_Defender\Laser Defender\Library\PackageCache\com.unity.visualscripting@1.6.1\Editor\VisualScripting.Core\Dependencies\YamlDotNet\Unity.VisualScripting.YamlDotNet.dll
Symbol file LoadedFromMemory doesn't match image C:\Users\9q.h4\Documents\Github\Laser_Defender\Laser Defender\Library\PackageCache\com.unity.visualscripting@1.6.1\Editor\VisualScripting.Core\Dependencies\DotNetZip\Unity.VisualScripting.IonicZip.dll
Native extension for WindowsStandalone target not found
Native extension for WebGL target not found
Refreshing native plugins compatible for Editor in 0.65 ms, found 2 plugins.
Preloading 0 native plugins for Editor in 0.00 ms.
Mono: successfully reloaded assembly
- Completed reload, in  0.976 seconds
Platform modules already initialized, skipping
Refreshing native plugins compatible for Editor in 0.63 ms, found 2 plugins.
Preloading 0 native plugins for Editor in 0.00 ms.
Unloading 3670 Unused Serialized files (Serialized files now loaded: 0)
System memory in use before: 147.7 MB.
System memory in use after: 147.8 MB.

Unloading 16 unused Assets to reduce memory usage. Loaded Objects now: 4402.
Total: 2.787600 ms (FindLiveObjects: 0.297100 ms CreateObjectMapping: 0.206300 ms MarkObjects: 2.187100 ms  DeleteObjects: 0.095900 ms)

========================================================================
Received Import Request.
  Time since last request: 15.429118 seconds.
  path: Assets/Scripts/Shoot.cs
  artifactKey: Guid(2e4f2ba5399f15945ba052f22b7a7c90) Importer(815301076,1909f56bfc062723c751e8b465ee728b)
Start importing Assets/Scripts/Shoot.cs using Guid(2e4f2ba5399f15945ba052f22b7a7c90) Importer(815301076,1909f56bfc062723c751e8b465ee728b)  -> (artifact id: 'f4b2dd6c281eaae8d5c8c84a0c71669a') in 0.005489 seconds 
========================================================================
Received Prepare
Registering precompiled user dll's ...
Registered in 0.002597 seconds.
Begin MonoManager ReloadAssembly
Symbol file LoadedFromMemory doesn't match image C:\Users\9q.h4\Documents\Github\Laser_Defender\Laser Defender\Library\PackageCache\com.unity.visualscripting@1.6.1\Editor\VisualScripting.Core\Dependencies\YamlDotNet\Unity.VisualScripting.YamlDotNet.dll
Symbol file LoadedFromMemory doesn't match image C:\Users\9q.h4\Documents\Github\Laser_Defender\Laser Defender\Library\PackageCache\com.unity.visualscripting@1.6.1\Editor\VisualScripting.Core\Dependencies\DotNetZip\Unity.VisualScripting.IonicZip.dll
Native extension for WindowsStandalone target not found
Native extension for WebGL target not found
Refreshing native plugins compatible for Editor in 0.66 ms, found 2 plugins.
Preloading 0 native plugins for Editor in 0.00 ms.
Mono: successfully reloaded assembly
- Completed reload, in  0.930 seconds
Platform modules already initialized, skipping
Refreshing native plugins compatible for Editor in 0.67 ms, found 2 plugins.
Preloading 0 native plugins for Editor in 0.00 ms.
Unloading 3670 Unused Serialized files (Serialized files now loaded: 0)
System memory in use before: 147.7 MB.
System memory in use after: 147.8 MB.

Unloading 16 unused Assets to reduce memory usage. Loaded Objects now: 4406.
Total: 2.506200 ms (FindLiveObjects: 0.279600 ms CreateObjectMapping: 0.166700 ms MarkObjects: 1.962000 ms  DeleteObjects: 0.097000 ms)

========================================================================
Received Prepare
Registering precompiled user dll's ...
Registered in 0.002607 seconds.
Begin MonoManager ReloadAssembly
Symbol file LoadedFromMemory doesn't match image C:\Users\9q.h4\Documents\Github\Laser_Defender\Laser Defender\Library\PackageCache\com.unity.visualscripting@1.6.1\Editor\VisualScripting.Core\Dependencies\YamlDotNet\Unity.VisualScripting.YamlDotNet.dll
Symbol file LoadedFromMemory doesn't match image C:\Users\9q.h4\Documents\Github\Laser_Defender\Laser Defender\Library\PackageCache\com.unity.visualscripting@1.6.1\Editor\VisualScripting.Core\Dependencies\DotNetZip\Unity.VisualScripting.IonicZip.dll
Native extension for WindowsStandalone target not found
Native extension for WebGL target not found
Refreshing native plugins compatible for Editor in 0.67 ms, found 2 plugins.
Preloading 0 native plugins for Editor in 0.00 ms.
Mono: successfully reloaded assembly
- Completed reload, in  0.894 seconds
Platform modules already initialized, skipping
Refreshing native plugins compatible for Editor in 0.65 ms, found 2 plugins.
Preloading 0 native plugins for Editor in 0.00 ms.
Unloading 3670 Unused Serialized files (Serialized files now loaded: 0)
System memory in use before: 147.7 MB.
System memory in use after: 147.9 MB.

Unloading 16 unused Assets to reduce memory usage. Loaded Objects now: 4410.
Total: 2.429700 ms (FindLiveObjects: 0.278300 ms CreateObjectMapping: 0.171900 ms MarkObjects: 1.893500 ms  DeleteObjects: 0.085200 ms)

========================================================================
Received Import Request.
  Time since last request: 435.813770 seconds.
  path: Assets/Scripts/Shoot.cs
  artifactKey: Guid(2e4f2ba5399f15945ba052f22b7a7c90) Importer(815301076,1909f56bfc062723c751e8b465ee728b)
Start importing Assets/Scripts/Shoot.cs using Guid(2e4f2ba5399f15945ba052f22b7a7c90) Importer(815301076,1909f56bfc062723c751e8b465ee728b)  -> (artifact id: '362b41f0bf172f93238c1f41b3cbb782') in 0.008029 seconds 
========================================================================
Received Import Request.
  Time since last request: 0.000227 seconds.
  path: Assets/Scripts/Player.cs
  artifactKey: Guid(c2e9246130970134486f0174b3f030fd) Importer(815301076,1909f56bfc062723c751e8b465ee728b)
Start importing Assets/Scripts/Player.cs using Guid(c2e9246130970134486f0174b3f030fd) Importer(815301076,1909f56bfc062723c751e8b465ee728b)  -> (artifact id: 'f8cc52acfa1b334bbea3698b1a60a10f') in 0.001465 seconds 
========================================================================
Received Import Request.
  Time since last request: 2.406914 seconds.
  path: Assets/Scripts/Shooter.cs
  artifactKey: Guid(2e4f2ba5399f15945ba052f22b7a7c90) Importer(815301076,1909f56bfc062723c751e8b465ee728b)
Start importing Assets/Scripts/Shooter.cs using Guid(2e4f2ba5399f15945ba052f22b7a7c90) Importer(815301076,1909f56bfc062723c751e8b465ee728b)  -> (artifact id: '95b34e5169a39a158574dc49fed4ec1d') in 0.001973 seconds 
========================================================================
Received Prepare
Registering precompiled user dll's ...
Registered in 0.002749 seconds.
Begin MonoManager ReloadAssembly
Symbol file LoadedFromMemory doesn't match image C:\Users\9q.h4\Documents\Github\Laser_Defender\Laser Defender\Library\PackageCache\com.unity.visualscripting@1.6.1\Editor\VisualScripting.Core\Dependencies\YamlDotNet\Unity.VisualScripting.YamlDotNet.dll
Symbol file LoadedFromMemory doesn't match image C:\Users\9q.h4\Documents\Github\Laser_Defender\Laser Defender\Library\PackageCache\com.unity.visualscripting@1.6.1\Editor\VisualScripting.Core\Dependencies\DotNetZip\Unity.VisualScripting.IonicZip.dll
Native extension for WindowsStandalone target not found
Native extension for WebGL target not found
Refreshing native plugins compatible for Editor in 0.67 ms, found 2 plugins.
Preloading 0 native plugins for Editor in 0.00 ms.
Mono: successfully reloaded assembly
- Completed reload, in  0.961 seconds
Platform modules already initialized, skipping
Refreshing native plugins compatible for Editor in 0.64 ms, found 2 plugins.
Preloading 0 native plugins for Editor in 0.00 ms.
Unloading 3670 Unused Serialized files (Serialized files now loaded: 0)
System memory in use before: 147.8 MB.
System memory in use after: 147.9 MB.

Unloading 16 unused Assets to reduce memory usage. Loaded Objects now: 4414.
Total: 2.787700 ms (FindLiveObjects: 0.343700 ms CreateObjectMapping: 0.291200 ms MarkObjects: 2.063100 ms  DeleteObjects: 0.088900 ms)

========================================================================
Received Prepare
Registering precompiled user dll's ...
Registered in 0.002520 seconds.
Begin MonoManager ReloadAssembly
Symbol file LoadedFromMemory doesn't match image C:\Users\9q.h4\Documents\Github\Laser_Defender\Laser Defender\Library\PackageCache\com.unity.visualscripting@1.6.1\Editor\VisualScripting.Core\Dependencies\YamlDotNet\Unity.VisualScripting.YamlDotNet.dll
Symbol file LoadedFromMemory doesn't match image C:\Users\9q.h4\Documents\Github\Laser_Defender\Laser Defender\Library\PackageCache\com.unity.visualscripting@1.6.1\Editor\VisualScripting.Core\Dependencies\DotNetZip\Unity.VisualScripting.IonicZip.dll
Native extension for WindowsStandalone target not found
Native extension for WebGL target not found
Refreshing native plugins compatible for Editor in 0.69 ms, found 2 plugins.
Preloading 0 native plugins for Editor in 0.00 ms.
Mono: successfully reloaded assembly
- Completed reload, in  1.004 seconds
Platform modules already initialized, skipping
Refreshing native plugins compatible for Editor in 0.65 ms, found 2 plugins.
Preloading 0 native plugins for Editor in 0.00 ms.
Unloading 3670 Unused Serialized files (Serialized files now loaded: 0)
System memory in use before: 147.8 MB.
System memory in use after: 147.9 MB.

Unloading 16 unused Assets to reduce memory usage. Loaded Objects now: 4418.
Total: 3.168200 ms (FindLiveObjects: 0.287900 ms CreateObjectMapping: 0.189400 ms MarkObjects: 2.552000 ms  DeleteObjects: 0.137600 ms)

========================================================================
Received Import Request.
  Time since last request: 203.833928 seconds.
  path: Assets/Prefabs/ProjectilePlayer.prefab
  artifactKey: Guid(d8974ee7c56b3ac4c9deaed9d1043a5f) Importer(815301076,1909f56bfc062723c751e8b465ee728b)
Start importing Assets/Prefabs/ProjectilePlayer.prefab using Guid(d8974ee7c56b3ac4c9deaed9d1043a5f) Importer(815301076,1909f56bfc062723c751e8b465ee728b)  -> (artifact id: 'eaca0bded6eac529a44f24b93f213236') in 0.052033 seconds 
========================================================================
Received Import Request.
  Time since last request: 14.837701 seconds.
  path: Assets/Prefabs/Player.prefab
  artifactKey: Guid(59114f2d71a8ede48b9d444e19da1754) Importer(815301076,1909f56bfc062723c751e8b465ee728b)
Start importing Assets/Prefabs/Player.prefab using Guid(59114f2d71a8ede48b9d444e19da1754) Importer(815301076,1909f56bfc062723c751e8b465ee728b)  -> (artifact id: '94cc72c8c1a14e3892b675f94eb063ed') in 0.024979 seconds 
========================================================================
Received Prepare
Registering precompiled user dll's ...
Registered in 0.002594 seconds.
Begin MonoManager ReloadAssembly
Symbol file LoadedFromMemory doesn't match image C:\Users\9q.h4\Documents\Github\Laser_Defender\Laser Defender\Library\PackageCache\com.unity.visualscripting@1.6.1\Editor\VisualScripting.Core\Dependencies\YamlDotNet\Unity.VisualScripting.YamlDotNet.dll
Symbol file LoadedFromMemory doesn't match image C:\Users\9q.h4\Documents\Github\Laser_Defender\Laser Defender\Library\PackageCache\com.unity.visualscripting@1.6.1\Editor\VisualScripting.Core\Dependencies\DotNetZip\Unity.VisualScripting.IonicZip.dll
Native extension for WindowsStandalone target not found
Native extension for WebGL target not found
Refreshing native plugins compatible for Editor in 0.66 ms, found 2 plugins.
Preloading 0 native plugins for Editor in 0.00 ms.
Mono: successfully reloaded assembly
- Completed reload, in  0.916 seconds
Platform modules already initialized, skipping
Refreshing native plugins compatible for Editor in 1.05 ms, found 2 plugins.
Preloading 0 native plugins for Editor in 0.00 ms.
Unloading 3670 Unused Serialized files (Serialized files now loaded: 0)
System memory in use before: 147.8 MB.
System memory in use after: 147.9 MB.

Unloading 16 unused Assets to reduce memory usage. Loaded Objects now: 4423.
Total: 2.417500 ms (FindLiveObjects: 0.285000 ms CreateObjectMapping: 0.184800 ms MarkObjects: 1.862000 ms  DeleteObjects: 0.085000 ms)

========================================================================
Received Import Request.
  Time since last request: 424.068411 seconds.
  path: Assets/Prefabs/Player.prefab
  artifactKey: Guid(59114f2d71a8ede48b9d444e19da1754) Importer(815301076,1909f56bfc062723c751e8b465ee728b)
Start importing Assets/Prefabs/Player.prefab using Guid(59114f2d71a8ede48b9d444e19da1754) Importer(815301076,1909f56bfc062723c751e8b465ee728b)  -> (artifact id: 'ea42eed9095e73cb0e48eb3a5e4dabd0') in 0.060034 seconds 
========================================================================
Received Prepare
Registering precompiled user dll's ...
Registered in 0.002563 seconds.
Begin MonoManager ReloadAssembly
Symbol file LoadedFromMemory doesn't match image C:\Users\9q.h4\Documents\Github\Laser_Defender\Laser Defender\Library\PackageCache\com.unity.visualscripting@1.6.1\Editor\VisualScripting.Core\Dependencies\YamlDotNet\Unity.VisualScripting.YamlDotNet.dll
Symbol file LoadedFromMemory doesn't match image C:\Users\9q.h4\Documents\Github\Laser_Defender\Laser Defender\Library\PackageCache\com.unity.visualscripting@1.6.1\Editor\VisualScripting.Core\Dependencies\DotNetZip\Unity.VisualScripting.IonicZip.dll
Native extension for WindowsStandalone target not found
Native extension for WebGL target not found
Refreshing native plugins compatible for Editor in 1.03 ms, found 2 plugins.
Preloading 0 native plugins for Editor in 0.00 ms.
Mono: successfully reloaded assembly
- Completed reload, in  0.986 seconds
Platform modules already initialized, skipping
Refreshing native plugins compatible for Editor in 0.63 ms, found 2 plugins.
Preloading 0 native plugins for Editor in 0.00 ms.
Unloading 3670 Unused Serialized files (Serialized files now loaded: 0)
System memory in use before: 147.8 MB.
System memory in use after: 147.9 MB.

Unloading 16 unused Assets to reduce memory usage. Loaded Objects now: 4428.
Total: 2.603300 ms (FindLiveObjects: 0.280900 ms CreateObjectMapping: 0.185400 ms MarkObjects: 2.034000 ms  DeleteObjects: 0.102000 ms)

========================================================================
Received Prepare
Registering precompiled user dll's ...
Registered in 0.002590 seconds.
Begin MonoManager ReloadAssembly
Symbol file LoadedFromMemory doesn't match image C:\Users\9q.h4\Documents\Github\Laser_Defender\Laser Defender\Library\PackageCache\com.unity.visualscripting@1.6.1\Editor\VisualScripting.Core\Dependencies\YamlDotNet\Unity.VisualScripting.YamlDotNet.dll
Symbol file LoadedFromMemory doesn't match image C:\Users\9q.h4\Documents\Github\Laser_Defender\Laser Defender\Library\PackageCache\com.unity.visualscripting@1.6.1\Editor\VisualScripting.Core\Dependencies\DotNetZip\Unity.VisualScripting.IonicZip.dll
Native extension for WindowsStandalone target not found
Native extension for WebGL target not found
Refreshing native plugins compatible for Editor in 0.66 ms, found 2 plugins.
Preloading 0 native plugins for Editor in 0.00 ms.
Mono: successfully reloaded assembly
- Completed reload, in  0.924 seconds
Platform modules already initialized, skipping
Refreshing native plugins compatible for Editor in 0.65 ms, found 2 plugins.
Preloading 0 native plugins for Editor in 0.00 ms.
Unloading 3670 Unused Serialized files (Serialized files now loaded: 0)
System memory in use before: 147.8 MB.
System memory in use after: 147.9 MB.

Unloading 16 unused Assets to reduce memory usage. Loaded Objects now: 4432.
Total: 2.542900 ms (FindLiveObjects: 0.281700 ms CreateObjectMapping: 0.189100 ms MarkObjects: 1.985700 ms  DeleteObjects: 0.085700 ms)

========================================================================
Received Prepare
Registering precompiled user dll's ...
Registered in 0.002564 seconds.
Begin MonoManager ReloadAssembly
Symbol file LoadedFromMemory doesn't match image C:\Users\9q.h4\Documents\Github\Laser_Defender\Laser Defender\Library\PackageCache\com.unity.visualscripting@1.6.1\Editor\VisualScripting.Core\Dependencies\YamlDotNet\Unity.VisualScripting.YamlDotNet.dll
Symbol file LoadedFromMemory doesn't match image C:\Users\9q.h4\Documents\Github\Laser_Defender\Laser Defender\Library\PackageCache\com.unity.visualscripting@1.6.1\Editor\VisualScripting.Core\Dependencies\DotNetZip\Unity.VisualScripting.IonicZip.dll
Native extension for WindowsStandalone target not found
Native extension for WebGL target not found
Refreshing native plugins compatible for Editor in 0.70 ms, found 2 plugins.
Preloading 0 native plugins for Editor in 0.00 ms.
Mono: successfully reloaded assembly
- Completed reload, in  0.881 seconds
Platform modules already initialized, skipping
Refreshing native plugins compatible for Editor in 0.62 ms, found 2 plugins.
Preloading 0 native plugins for Editor in 0.00 ms.
Unloading 3670 Unused Serialized files (Serialized files now loaded: 0)
System memory in use before: 147.8 MB.
System memory in use after: 147.9 MB.

Unloading 16 unused Assets to reduce memory usage. Loaded Objects now: 4436.
Total: 2.510200 ms (FindLiveObjects: 0.271400 ms CreateObjectMapping: 0.174100 ms MarkObjects: 1.980500 ms  DeleteObjects: 0.083500 ms)

AssetImportWorkerClient::OnTransportError - code=2 error=End of file
